{
  "stats": {
    "suites": 1,
    "tests": 2,
    "passes": 2,
    "pending": 0,
    "failures": 0,
    "start": "2021-11-26T13:11:13.111Z",
    "end": "2021-11-26T13:12:02.049Z",
    "duration": 48938,
    "testsRegistered": 2,
    "passPercent": 100,
    "pendingPercent": 0,
    "other": 0,
    "hasOther": false,
    "skipped": 0,
    "hasSkipped": false
  },
  "results": [
    {
      "uuid": "fcd51686-f4e1-4f5b-a497-31dc6ced4b88",
      "title": "",
      "fullFile": "cypress/integration/cadastrarEndereco.spec.js",
      "file": "cypress/integration/cadastrarEndereco.spec.js",
      "beforeHooks": [],
      "afterHooks": [],
      "tests": [],
      "suites": [
        {
          "uuid": "b5d94afc-8f69-435f-a862-3d9a31f2b32e",
          "title": "Testes para cadastro de Endereço",
          "fullFile": "",
          "file": "",
          "beforeHooks": [],
          "afterHooks": [],
          "tests": [
            {
              "title": "Deve tentar cadastrar um endereço inválido",
              "fullTitle": "Testes para cadastro de Endereço Deve tentar cadastrar um endereço inválido",
              "timedOut": null,
              "duration": 23640,
              "state": "passed",
              "speed": "slow",
              "pass": true,
              "fail": false,
              "pending": false,
              "context": null,
              "code": "_cadastrarEndereco.default.acessarSite();\n_cadastrarEndereco.default.cadastrarEnderecoInvalido();",
              "err": {},
              "uuid": "e5325082-648f-418e-bdc1-5683aa807084",
              "parentUUID": "b5d94afc-8f69-435f-a862-3d9a31f2b32e",
              "isHook": false,
              "skipped": false
            },
            {
              "title": "Realiza o cadastro de um novo endereço",
              "fullTitle": "Testes para cadastro de Endereço Realiza o cadastro de um novo endereço",
              "timedOut": null,
              "duration": 19438,
              "state": "passed",
              "speed": "slow",
              "pass": true,
              "fail": false,
              "pending": false,
              "context": null,
              "code": "_cadastrarEndereco.default.acessarSite();\n_cadastrarEndereco.default.cadastrarEndereco();",
              "err": {},
              "uuid": "e50d4c12-4beb-4564-af4b-06cd962e980e",
              "parentUUID": "b5d94afc-8f69-435f-a862-3d9a31f2b32e",
              "isHook": false,
              "skipped": false
            }
          ],
          "suites": [],
          "passes": [
            "e5325082-648f-418e-bdc1-5683aa807084",
            "e50d4c12-4beb-4564-af4b-06cd962e980e"
          ],
          "failures": [],
          "pending": [],
          "skipped": [],
          "duration": 43078,
          "root": false,
          "rootEmpty": false,
          "_timeout": 2000
        }
      ],
      "passes": [],
      "failures": [],
      "pending": [],
      "skipped": [],
      "duration": 0,
      "root": true,
      "rootEmpty": true,
      "_timeout": 2000
    }
  ],
  "meta": {
    "mocha": {
      "version": "7.0.1"
    },
    "mochawesome": {
      "options": {
        "quiet": false,
        "reportFilename": "mochawesome",
        "saveHtml": false,
        "saveJson": true,
        "consoleReporter": "spec",
        "useInlineDiffs": false,
        "code": true
      },
      "version": "7.0.1"
    },
    "marge": {
      "options": {
        "reportDir": "cypress/report/mochawesome-report",
        "overwrite": false,
        "html": false,
        "json": true,
        "timestamp": "yyyymmdd_HHMMss",
        "reportTitles": "Relatorio",
        "cdn": true,
        "charts": true
      },
      "version": "6.0.1"
    }
  }
}