{
  "stats": {
    "suites": 1,
    "tests": 3,
    "passes": 3,
    "pending": 0,
    "failures": 0,
    "start": "2021-11-26T13:15:50.969Z",
    "end": "2021-11-26T13:16:37.673Z",
    "duration": 46704,
    "testsRegistered": 3,
    "passPercent": 100,
    "pendingPercent": 0,
    "other": 0,
    "hasOther": false,
    "skipped": 0,
    "hasSkipped": false
  },
  "results": [
    {
      "uuid": "a2aa9995-29d8-449c-84b8-e0a6bb083c90",
      "title": "",
      "fullFile": "cypress/integration/login.spec.js",
      "file": "cypress/integration/login.spec.js",
      "beforeHooks": [],
      "afterHooks": [],
      "tests": [],
      "suites": [
        {
          "uuid": "96eb69a2-9c36-4527-8304-6f90abad1dc2",
          "title": "Testes para login",
          "fullFile": "",
          "file": "",
          "beforeHooks": [],
          "afterHooks": [],
          "tests": [
            {
              "title": "Realiza o login",
              "fullTitle": "Testes para login Realiza o login",
              "timedOut": null,
              "duration": 14698,
              "state": "passed",
              "speed": "slow",
              "pass": true,
              "fail": false,
              "pending": false,
              "context": null,
              "code": "_login.default.acessarSite();\n_login.default.logar();",
              "err": {},
              "uuid": "65d74531-c9dd-40f6-ac8b-04d682c38b48",
              "parentUUID": "96eb69a2-9c36-4527-8304-6f90abad1dc2",
              "isHook": false,
              "skipped": false
            },
            {
              "title": "Realiza um login inválido",
              "fullTitle": "Testes para login Realiza um login inválido",
              "timedOut": null,
              "duration": 10987,
              "state": "passed",
              "speed": "slow",
              "pass": true,
              "fail": false,
              "pending": false,
              "context": null,
              "code": "_login.default.acessarSite();\n_login.default.loginInvalido();",
              "err": {},
              "uuid": "089f9886-d6f6-44ba-a015-851e663d6479",
              "parentUUID": "96eb69a2-9c36-4527-8304-6f90abad1dc2",
              "isHook": false,
              "skipped": false
            },
            {
              "title": "Verifica se os elementos existem na página",
              "fullTitle": "Testes para login Verifica se os elementos existem na página",
              "timedOut": null,
              "duration": 13907,
              "state": "passed",
              "speed": "slow",
              "pass": true,
              "fail": false,
              "pending": false,
              "context": null,
              "code": "_login.default.acessarSite();\n_login.default.logar();\n_login.default.verificarElementos();",
              "err": {},
              "uuid": "b7ad51f6-1454-4b3a-8d23-9c29bbd71752",
              "parentUUID": "96eb69a2-9c36-4527-8304-6f90abad1dc2",
              "isHook": false,
              "skipped": false
            }
          ],
          "suites": [],
          "passes": [
            "65d74531-c9dd-40f6-ac8b-04d682c38b48",
            "089f9886-d6f6-44ba-a015-851e663d6479",
            "b7ad51f6-1454-4b3a-8d23-9c29bbd71752"
          ],
          "failures": [],
          "pending": [],
          "skipped": [],
          "duration": 39592,
          "root": false,
          "rootEmpty": false,
          "_timeout": 2000
        }
      ],
      "passes": [],
      "failures": [],
      "pending": [],
      "skipped": [],
      "duration": 0,
      "root": true,
      "rootEmpty": true,
      "_timeout": 2000
    }
  ],
  "meta": {
    "mocha": {
      "version": "7.0.1"
    },
    "mochawesome": {
      "options": {
        "quiet": false,
        "reportFilename": "mochawesome",
        "saveHtml": false,
        "saveJson": true,
        "consoleReporter": "spec",
        "useInlineDiffs": false,
        "code": true
      },
      "version": "7.0.1"
    },
    "marge": {
      "options": {
        "reportDir": "cypress/report/mochawesome-report",
        "overwrite": false,
        "html": false,
        "json": true,
        "timestamp": "yyyymmdd_HHMMss",
        "reportTitles": "Relatorio",
        "cdn": true,
        "charts": true
      },
      "version": "6.0.1"
    }
  }
}