{
  "stats": {
    "suites": 1,
    "tests": 2,
    "passes": 2,
    "pending": 0,
    "failures": 0,
    "start": "2021-11-26T13:10:08.982Z",
    "end": "2021-11-26T13:11:00.441Z",
    "duration": 51459,
    "testsRegistered": 2,
    "passPercent": 100,
    "pendingPercent": 0,
    "other": 0,
    "hasOther": false,
    "skipped": 0,
    "hasSkipped": false
  },
  "results": [
    {
      "uuid": "cf8340d1-4ef3-4016-bc7b-069c531778df",
      "title": "",
      "fullFile": "cypress/integration/_cadastrarUsuario.spec.js",
      "file": "cypress/integration/_cadastrarUsuario.spec.js",
      "beforeHooks": [],
      "afterHooks": [],
      "tests": [],
      "suites": [
        {
          "uuid": "42b6e971-b5dc-4467-ba1f-ac28ea1ebc6b",
          "title": "Testes para cadastro de Usuario",
          "fullFile": "",
          "file": "",
          "beforeHooks": [],
          "afterHooks": [],
          "tests": [
            {
              "title": "Realiza o cadastro de um novo usuário",
              "fullTitle": "Testes para cadastro de Usuario Realiza o cadastro de um novo usuário",
              "timedOut": null,
              "duration": 29881,
              "state": "passed",
              "speed": "slow",
              "pass": true,
              "fail": false,
              "pending": false,
              "context": null,
              "code": "_cadastrarUsuario.default.acessarSite();\n_cadastrarUsuario.default.cadastrarUsuario();",
              "err": {},
              "uuid": "7b3fb03d-bdf8-4ec4-a268-10282f5d6ac3",
              "parentUUID": "42b6e971-b5dc-4467-ba1f-ac28ea1ebc6b",
              "isHook": false,
              "skipped": false
            },
            {
              "title": "Tenta realizar o cadastro de um novo usuário Inválido",
              "fullTitle": "Testes para cadastro de Usuario Tenta realizar o cadastro de um novo usuário Inválido",
              "timedOut": null,
              "duration": 13118,
              "state": "passed",
              "speed": "slow",
              "pass": true,
              "fail": false,
              "pending": false,
              "context": null,
              "code": "_cadastrarUsuario.default.acessarSite();\n_cadastrarUsuario.default.cadastrarUsuarioInvalido();",
              "err": {},
              "uuid": "1215b60d-15a8-424b-bf4c-4465c7cb0e25",
              "parentUUID": "42b6e971-b5dc-4467-ba1f-ac28ea1ebc6b",
              "isHook": false,
              "skipped": false
            }
          ],
          "suites": [],
          "passes": [
            "7b3fb03d-bdf8-4ec4-a268-10282f5d6ac3",
            "1215b60d-15a8-424b-bf4c-4465c7cb0e25"
          ],
          "failures": [],
          "pending": [],
          "skipped": [],
          "duration": 42999,
          "root": false,
          "rootEmpty": false,
          "_timeout": 2000
        }
      ],
      "passes": [],
      "failures": [],
      "pending": [],
      "skipped": [],
      "duration": 0,
      "root": true,
      "rootEmpty": true,
      "_timeout": 2000
    }
  ],
  "meta": {
    "mocha": {
      "version": "7.0.1"
    },
    "mochawesome": {
      "options": {
        "quiet": false,
        "reportFilename": "mochawesome",
        "saveHtml": false,
        "saveJson": true,
        "consoleReporter": "spec",
        "useInlineDiffs": false,
        "code": true
      },
      "version": "7.0.1"
    },
    "marge": {
      "options": {
        "reportDir": "cypress/report/mochawesome-report",
        "overwrite": false,
        "html": false,
        "json": true,
        "timestamp": "yyyymmdd_HHMMss",
        "reportTitles": "Relatorio",
        "cdn": true,
        "charts": true
      },
      "version": "6.0.1"
    }
  }
}